INFO 2022-11-17 15:36:51,463 autoreload Watching for file changes with StatReloader
INFO 2022-11-17 15:37:24,655 autoreload Watching for file changes with StatReloader
INFO 2022-11-17 15:37:52,800 autoreload Watching for file changes with StatReloader
INFO 2022-11-17 15:38:01,470 autoreload Watching for file changes with StatReloader
INFO 2022-11-17 15:38:41,274 autoreload Watching for file changes with StatReloader
INFO 2022-11-17 15:39:09,167 autoreload Watching for file changes with StatReloader
ERROR 2022-11-17 15:39:24,690 exception Invalid HTTP_HOST header: '15.222.119.97:8000'. You may need to add '15.222.119.97' to ALLOWED_HOSTS.
Traceback (most recent call last):
  File "/home/ubuntu/TROES_CP_BACKEND/cp_backend/djangoenv/lib/python3.8/site-packages/django/core/handlers/exception.py", line 55, in inner
    response = get_response(request)
  File "/home/ubuntu/TROES_CP_BACKEND/cp_backend/djangoenv/lib/python3.8/site-packages/django/utils/deprecation.py", line 135, in __call__
    response = self.process_request(request)
  File "/home/ubuntu/TROES_CP_BACKEND/cp_backend/djangoenv/lib/python3.8/site-packages/django/middleware/common.py", line 48, in process_request
    host = request.get_host()
  File "/home/ubuntu/TROES_CP_BACKEND/cp_backend/djangoenv/lib/python3.8/site-packages/django/http/request.py", line 148, in get_host
    raise DisallowedHost(msg)
django.core.exceptions.DisallowedHost: Invalid HTTP_HOST header: '15.222.119.97:8000'. You may need to add '15.222.119.97' to ALLOWED_HOSTS.
WARNING 2022-11-17 15:39:24,729 log Bad Request: /api/monitor/
WARNING 2022-11-17 15:39:24,729 basehttp "GET /api/monitor/ HTTP/1.1" 400 84739
ERROR 2022-11-17 15:39:40,420 exception Invalid HTTP_HOST header: '15.222.119.97:8000'. You may need to add '15.222.119.97' to ALLOWED_HOSTS.
Traceback (most recent call last):
  File "/home/ubuntu/TROES_CP_BACKEND/cp_backend/djangoenv/lib/python3.8/site-packages/django/core/handlers/exception.py", line 55, in inner
    response = get_response(request)
  File "/home/ubuntu/TROES_CP_BACKEND/cp_backend/djangoenv/lib/python3.8/site-packages/django/utils/deprecation.py", line 135, in __call__
    response = self.process_request(request)
  File "/home/ubuntu/TROES_CP_BACKEND/cp_backend/djangoenv/lib/python3.8/site-packages/django/middleware/common.py", line 48, in process_request
    host = request.get_host()
  File "/home/ubuntu/TROES_CP_BACKEND/cp_backend/djangoenv/lib/python3.8/site-packages/django/http/request.py", line 148, in get_host
    raise DisallowedHost(msg)
django.core.exceptions.DisallowedHost: Invalid HTTP_HOST header: '15.222.119.97:8000'. You may need to add '15.222.119.97' to ALLOWED_HOSTS.
WARNING 2022-11-17 15:39:40,453 log Bad Request: /admin/
WARNING 2022-11-17 15:39:40,453 basehttp "GET /admin/ HTTP/1.1" 400 84671
ERROR 2022-11-17 15:39:56,292 exception Invalid HTTP_HOST header: '15.222.119.97:8000'. You may need to add '15.222.119.97' to ALLOWED_HOSTS.
Traceback (most recent call last):
  File "/home/ubuntu/TROES_CP_BACKEND/cp_backend/djangoenv/lib/python3.8/site-packages/django/core/handlers/exception.py", line 55, in inner
    response = get_response(request)
  File "/home/ubuntu/TROES_CP_BACKEND/cp_backend/djangoenv/lib/python3.8/site-packages/django/utils/deprecation.py", line 135, in __call__
    response = self.process_request(request)
  File "/home/ubuntu/TROES_CP_BACKEND/cp_backend/djangoenv/lib/python3.8/site-packages/django/middleware/common.py", line 48, in process_request
    host = request.get_host()
  File "/home/ubuntu/TROES_CP_BACKEND/cp_backend/djangoenv/lib/python3.8/site-packages/django/http/request.py", line 148, in get_host
    raise DisallowedHost(msg)
django.core.exceptions.DisallowedHost: Invalid HTTP_HOST header: '15.222.119.97:8000'. You may need to add '15.222.119.97' to ALLOWED_HOSTS.
WARNING 2022-11-17 15:39:56,325 log Bad Request: /api/micontrol/
WARNING 2022-11-17 15:39:56,325 basehttp "GET /api/micontrol/ HTTP/1.1" 400 84737
ERROR 2022-11-17 15:40:01,691 exception Invalid HTTP_HOST header: '15.222.119.97:8000'. You may need to add '15.222.119.97' to ALLOWED_HOSTS.
Traceback (most recent call last):
  File "/home/ubuntu/TROES_CP_BACKEND/cp_backend/djangoenv/lib/python3.8/site-packages/django/core/handlers/exception.py", line 55, in inner
    response = get_response(request)
  File "/home/ubuntu/TROES_CP_BACKEND/cp_backend/djangoenv/lib/python3.8/site-packages/django/utils/deprecation.py", line 135, in __call__
    response = self.process_request(request)
  File "/home/ubuntu/TROES_CP_BACKEND/cp_backend/djangoenv/lib/python3.8/site-packages/django/middleware/common.py", line 48, in process_request
    host = request.get_host()
  File "/home/ubuntu/TROES_CP_BACKEND/cp_backend/djangoenv/lib/python3.8/site-packages/django/http/request.py", line 148, in get_host
    raise DisallowedHost(msg)
django.core.exceptions.DisallowedHost: Invalid HTTP_HOST header: '15.222.119.97:8000'. You may need to add '15.222.119.97' to ALLOWED_HOSTS.
WARNING 2022-11-17 15:40:01,735 log Bad Request: /api/
WARNING 2022-11-17 15:40:01,736 basehttp "GET /api/ HTTP/1.1" 400 84390
INFO 2022-11-17 15:43:21,469 autoreload Watching for file changes with StatReloader
WARNING 2022-11-17 15:43:24,623 log Not Found: /api/
WARNING 2022-11-17 15:43:24,623 basehttp "GET /api/ HTTP/1.1" 404 2449
INFO 2022-11-17 15:43:33,573 basehttp "GET /api/micontrol/ HTTP/1.1" 200 7975
INFO 2022-11-17 15:43:33,797 basehttp "GET /static/rest_framework/css/bootstrap-tweaks.css HTTP/1.1" 200 3385
INFO 2022-11-17 15:43:33,811 basehttp "GET /static/rest_framework/css/bootstrap.min.css HTTP/1.1" 200 121457
INFO 2022-11-17 15:43:33,815 basehttp "GET /static/rest_framework/css/prettify.css HTTP/1.1" 200 817
INFO 2022-11-17 15:43:33,816 basehttp "GET /static/rest_framework/css/default.css HTTP/1.1" 200 1152
INFO 2022-11-17 15:43:33,859 basehttp "GET /static/rest_framework/js/jquery-3.5.1.min.js HTTP/1.1" 200 89476
INFO 2022-11-17 15:43:33,878 basehttp "GET /static/rest_framework/js/ajax-form.js HTTP/1.1" 200 3597
INFO 2022-11-17 15:43:33,879 basehttp "GET /static/rest_framework/js/csrf.js HTTP/1.1" 200 1719
INFO 2022-11-17 15:43:33,884 basehttp "GET /static/rest_framework/js/bootstrap.min.js HTTP/1.1" 200 39680
INFO 2022-11-17 15:43:33,945 basehttp "GET /static/rest_framework/js/prettify-min.js HTTP/1.1" 200 13632
INFO 2022-11-17 15:43:33,946 basehttp "GET /static/rest_framework/js/default.js HTTP/1.1" 200 1268
INFO 2022-11-17 15:43:34,027 basehttp "GET /static/rest_framework/img/grid.png HTTP/1.1" 200 1458
INFO 2022-11-17 15:43:34,167 basehttp "GET /static/rest_framework/css/bootstrap.min.css.map HTTP/1.1" 200 540434
INFO 2022-11-18 14:25:34,595 autoreload Watching for file changes with StatReloader
INFO 2022-11-18 14:28:35,684 autoreload Watching for file changes with StatReloader
INFO 2022-11-18 14:28:46,323 basehttp "GET /admin/ HTTP/1.1" 302 0
INFO 2022-11-18 14:28:46,458 basehttp "GET /admin/login/?next=/admin/ HTTP/1.1" 200 2218
INFO 2022-11-18 14:28:46,548 basehttp "GET /static/admin/css/base.css HTTP/1.1" 200 20344
INFO 2022-11-18 14:28:46,565 basehttp "GET /static/admin/css/responsive.css HTTP/1.1" 200 18854
INFO 2022-11-18 14:28:46,635 basehttp "GET /static/admin/js/nav_sidebar.js HTTP/1.1" 200 3763
INFO 2022-11-18 14:28:46,636 basehttp "GET /static/admin/css/dark_mode.css HTTP/1.1" 200 796
INFO 2022-11-18 14:28:46,637 basehttp "GET /static/admin/css/nav_sidebar.css HTTP/1.1" 200 2619
INFO 2022-11-18 14:28:46,638 basehttp "GET /static/admin/css/login.css HTTP/1.1" 200 958
INFO 2022-11-18 14:28:46,659 basehttp "GET /static/admin/css/fonts.css HTTP/1.1" 200 423
INFO 2022-11-18 14:28:46,781 basehttp "GET /static/admin/fonts/Roboto-Regular-webfont.woff HTTP/1.1" 200 85876
INFO 2022-11-18 14:28:46,818 basehttp "GET /static/admin/fonts/Roboto-Light-webfont.woff HTTP/1.1" 200 85692
INFO 2022-11-18 14:28:49,763 basehttp "POST /admin/login/?next=/admin/ HTTP/1.1" 200 2381
INFO 2022-11-18 14:28:49,852 basehttp "GET /static/admin/fonts/Roboto-Bold-webfont.woff HTTP/1.1" 200 86184
INFO 2022-11-18 14:28:54,227 basehttp "GET /admin/login/?next=/admin/ HTTP/1.1" 200 2218
INFO 2022-11-18 14:28:57,663 basehttp "GET /admin/login/?next=/admin/ HTTP/1.1" 200 2218
INFO 2022-11-18 14:28:59,978 basehttp "GET /api/micontrol/ HTTP/1.1" 200 7975
INFO 2022-11-18 14:29:00,031 basehttp "GET /static/rest_framework/js/jquery-3.5.1.min.js HTTP/1.1" 200 89476
INFO 2022-11-18 14:29:00,036 basehttp "GET /static/rest_framework/css/bootstrap.min.css HTTP/1.1" 200 121457
INFO 2022-11-18 14:29:00,037 basehttp "GET /static/rest_framework/css/default.css HTTP/1.1" 200 1152
INFO 2022-11-18 14:29:00,037 basehttp "GET /static/rest_framework/css/prettify.css HTTP/1.1" 200 817
INFO 2022-11-18 14:29:00,045 basehttp "GET /static/rest_framework/css/bootstrap-tweaks.css HTTP/1.1" 200 3385
INFO 2022-11-18 14:29:00,046 basehttp "GET /static/rest_framework/js/ajax-form.js HTTP/1.1" 200 3597
INFO 2022-11-18 14:29:00,083 basehttp "GET /static/rest_framework/js/default.js HTTP/1.1" 200 1268
INFO 2022-11-18 14:29:00,084 basehttp "GET /static/rest_framework/js/csrf.js HTTP/1.1" 200 1719
INFO 2022-11-18 14:29:00,085 basehttp "GET /static/rest_framework/js/bootstrap.min.js HTTP/1.1" 200 39680
INFO 2022-11-18 14:29:00,086 basehttp "GET /static/rest_framework/js/prettify-min.js HTTP/1.1" 200 13632
INFO 2022-11-18 14:29:00,163 basehttp "GET /static/rest_framework/img/grid.png HTTP/1.1" 200 1458
WARNING 2022-11-18 14:29:04,582 log Not Found: /api/miControl
WARNING 2022-11-18 14:29:04,583 basehttp "GET /api/miControl HTTP/1.1" 404 2476
INFO 2022-11-18 14:29:18,839 basehttp "GET /api/micontrol/ HTTP/1.1" 200 7975
WARNING 2022-11-18 14:29:51,214 log Not Found: /
WARNING 2022-11-18 14:29:51,215 basehttp "GET / HTTP/1.1" 404 2171
WARNING 2022-11-18 14:29:51,506 log Not Found: /favicon.ico
WARNING 2022-11-18 14:29:51,506 basehttp "GET /favicon.ico HTTP/1.1" 404 2222
WARNING 2022-11-18 14:30:04,735 log Not Found: /api
WARNING 2022-11-18 14:30:04,735 basehttp "GET /api HTTP/1.1" 404 2198
INFO 2022-11-18 14:30:15,395 basehttp "GET /api/micontrol HTTP/1.1" 301 0
INFO 2022-11-18 14:30:15,574 basehttp "GET /api/micontrol/ HTTP/1.1" 200 7975
INFO 2022-11-18 14:30:15,725 basehttp "GET /static/rest_framework/css/prettify.css HTTP/1.1" 200 817
INFO 2022-11-18 14:30:15,726 basehttp "GET /static/rest_framework/css/bootstrap-tweaks.css HTTP/1.1" 200 3385
INFO 2022-11-18 14:30:15,727 basehttp "GET /static/rest_framework/css/bootstrap.min.css HTTP/1.1" 200 121457
INFO 2022-11-18 14:30:15,792 basehttp "GET /static/rest_framework/css/default.css HTTP/1.1" 200 1152
INFO 2022-11-18 14:30:15,793 basehttp "GET /static/rest_framework/js/jquery-3.5.1.min.js HTTP/1.1" 200 89476
INFO 2022-11-18 14:30:15,794 basehttp "GET /static/rest_framework/js/ajax-form.js HTTP/1.1" 200 3597
INFO 2022-11-18 14:30:15,812 basehttp "GET /static/rest_framework/js/csrf.js HTTP/1.1" 200 1719
INFO 2022-11-18 14:30:15,844 basehttp "GET /static/rest_framework/js/bootstrap.min.js HTTP/1.1" 200 39680
INFO 2022-11-18 14:30:15,864 basehttp "GET /static/rest_framework/js/prettify-min.js HTTP/1.1" 200 13632
INFO 2022-11-18 14:30:15,915 basehttp "GET /static/rest_framework/js/default.js HTTP/1.1" 200 1268
INFO 2022-11-18 14:30:15,957 basehttp "GET /static/rest_framework/img/grid.png HTTP/1.1" 200 1458
WARNING 2022-11-18 15:12:15,794 log Not Found: /
WARNING 2022-11-18 15:12:15,795 basehttp "GET / HTTP/1.1" 404 2171
WARNING 2022-11-18 15:12:15,854 log Not Found: /favicon.ico
WARNING 2022-11-18 15:12:15,855 basehttp "GET /favicon.ico HTTP/1.1" 404 2222
WARNING 2022-11-18 15:12:16,013 log Not Found: /
WARNING 2022-11-18 15:12:16,013 basehttp "GET / HTTP/1.1" 404 2171
WARNING 2022-11-18 15:12:16,238 log Not Found: /favicon.ico
WARNING 2022-11-18 15:12:16,239 basehttp "GET /favicon.ico HTTP/1.1" 404 2222
WARNING 2022-11-18 15:12:17,292 log Not Found: /
WARNING 2022-11-18 15:12:17,292 basehttp "GET / HTTP/1.1" 404 2171
WARNING 2022-11-18 15:12:18,018 log Not Found: /favicon.ico
WARNING 2022-11-18 15:12:18,018 basehttp "GET /favicon.ico HTTP/1.1" 404 2222
WARNING 2022-11-18 15:12:22,799 log Not Found: /
WARNING 2022-11-18 15:12:22,800 basehttp "GET / HTTP/1.1" 404 2171
WARNING 2022-11-18 15:12:22,812 log Not Found: /home
WARNING 2022-11-18 15:12:22,812 basehttp "GET /home HTTP/1.1" 404 2201
INFO 2022-11-18 15:12:24,013 basehttp "GET /admin HTTP/1.1" 301 0
INFO 2022-11-18 15:12:24,044 basehttp "GET /admin/ HTTP/1.1" 302 0
INFO 2022-11-18 15:12:24,079 basehttp "GET /admin/login/?next=/admin/ HTTP/1.1" 200 2218
INFO 2022-11-18 15:12:24,110 basehttp "GET /static/admin/css/dark_mode.css HTTP/1.1" 200 796
INFO 2022-11-18 15:12:24,111 basehttp "GET /static/admin/css/base.css HTTP/1.1" 200 20344
INFO 2022-11-18 15:12:24,128 basehttp "GET /static/admin/css/nav_sidebar.css HTTP/1.1" 200 2619
INFO 2022-11-18 15:12:24,129 basehttp "GET /static/admin/css/responsive.css HTTP/1.1" 200 18854
INFO 2022-11-18 15:12:24,130 basehttp "GET /static/admin/css/login.css HTTP/1.1" 200 958
INFO 2022-11-18 15:12:24,131 basehttp "GET /static/admin/js/nav_sidebar.js HTTP/1.1" 200 3763
INFO 2022-11-18 15:12:24,140 basehttp "GET /static/admin/css/fonts.css HTTP/1.1" 200 423
INFO 2022-11-18 15:12:24,174 basehttp "GET /static/admin/fonts/Roboto-Regular-webfont.woff HTTP/1.1" 200 85876
INFO 2022-11-18 15:12:24,176 basehttp "GET /static/admin/fonts/Roboto-Light-webfont.woff HTTP/1.1" 200 85692
WARNING 2022-11-18 15:12:25,768 log Not Found: /home
WARNING 2022-11-18 15:12:25,769 basehttp "GET /home HTTP/1.1" 404 2201
INFO 2022-11-18 15:12:26,759 basehttp "GET /admin HTTP/1.1" 301 0
INFO 2022-11-18 15:12:27,034 basehttp "GET /admin/ HTTP/1.1" 302 0
INFO 2022-11-18 15:12:27,119 basehttp "GET /admin/login/?next=/admin/ HTTP/1.1" 200 2218
INFO 2022-11-18 15:12:27,242 basehttp "GET /static/admin/css/base.css HTTP/1.1" 200 20344
INFO 2022-11-18 15:12:27,273 basehttp "GET /static/admin/css/dark_mode.css HTTP/1.1" 200 796
INFO 2022-11-18 15:12:27,280 basehttp "GET /static/admin/js/nav_sidebar.js HTTP/1.1" 200 3763
INFO 2022-11-18 15:12:27,280 basehttp "GET /static/admin/css/nav_sidebar.css HTTP/1.1" 200 2619
INFO 2022-11-18 15:12:27,281 basehttp "GET /static/admin/css/login.css HTTP/1.1" 200 958
INFO 2022-11-18 15:12:27,293 basehttp "GET /static/admin/css/responsive.css HTTP/1.1" 200 18854
INFO 2022-11-18 15:12:27,301 basehttp "GET /static/admin/css/fonts.css HTTP/1.1" 200 423
INFO 2022-11-18 15:12:27,604 basehttp "GET /static/admin/fonts/Roboto-Light-webfont.woff HTTP/1.1" 200 85692
INFO 2022-11-18 15:12:27,633 basehttp "GET /static/admin/fonts/Roboto-Regular-webfont.woff HTTP/1.1" 200 85876
WARNING 2022-11-18 15:12:37,214 log Not Found: /
WARNING 2022-11-18 15:12:37,214 basehttp "GET / HTTP/1.1" 404 2171
INFO 2022-11-18 15:12:42,569 basehttp "GET /admin/login/?next=/admin/ HTTP/1.1" 200 2218
INFO 2022-11-18 15:12:42,723 basehttp "GET /static/admin/css/responsive.css HTTP/1.1" 200 18854
INFO 2022-11-18 15:12:42,723 basehttp "GET /static/admin/js/nav_sidebar.js HTTP/1.1" 200 3763
INFO 2022-11-18 15:12:42,724 basehttp "GET /static/admin/css/nav_sidebar.css HTTP/1.1" 200 2619
INFO 2022-11-18 15:12:42,849 basehttp "GET /static/admin/fonts/Roboto-Regular-webfont.woff HTTP/1.1" 200 85876
INFO 2022-11-18 15:12:42,871 basehttp "GET /static/admin/fonts/Roboto-Light-webfont.woff HTTP/1.1" 200 85692
INFO 2022-11-18 15:12:43,435 basehttp "GET /admin HTTP/1.1" 301 0
INFO 2022-11-18 15:12:43,562 basehttp "GET /admin/ HTTP/1.1" 302 0
INFO 2022-11-18 15:12:44,376 basehttp "GET /admin/ HTTP/1.1" 302 0
INFO 2022-11-18 15:12:44,467 basehttp "GET /admin/login/?next=/admin/ HTTP/1.1" 200 2218
INFO 2022-11-18 15:12:49,379 basehttp "POST /admin/login/?next=/admin/ HTTP/1.1" 200 2381
INFO 2022-11-18 15:12:56,596 basehttp "POST /admin/login/?next=/admin/ HTTP/1.1" 200 2381
INFO 2022-11-18 15:13:11,645 basehttp "POST /admin/login/?next=/admin/ HTTP/1.1" 200 2381
INFO 2022-11-18 15:13:22,445 basehttp "POST /admin/login/?next=/admin/ HTTP/1.1" 200 2381
WARNING 2022-11-18 15:13:40,095 log Not Found: /api
WARNING 2022-11-18 15:13:40,096 basehttp "GET /api HTTP/1.1" 404 2198
WARNING 2022-11-18 15:13:44,695 log Not Found: /api/
WARNING 2022-11-18 15:13:44,695 basehttp "GET /api/ HTTP/1.1" 404 2449
INFO 2022-11-18 15:13:51,151 basehttp "GET /api/micontrol/ HTTP/1.1" 200 7975
INFO 2022-11-18 15:13:51,193 basehttp "GET /static/rest_framework/css/bootstrap.min.css HTTP/1.1" 200 121457
INFO 2022-11-18 15:13:51,208 basehttp "GET /static/rest_framework/js/jquery-3.5.1.min.js HTTP/1.1" 200 89476
INFO 2022-11-18 15:13:51,215 basehttp "GET /static/rest_framework/js/prettify-min.js HTTP/1.1" 200 13632
INFO 2022-11-18 15:13:54,218 basehttp "GET /api/micontrol/ HTTP/1.1" 200 7975
INFO 2022-11-18 15:14:06,332 basehttp "GET /api/micontrol/ HTTP/1.1" 200 7975
INFO 2022-11-18 15:14:09,227 basehttp "GET /api/monitor HTTP/1.1" 301 0
WARNING 2022-11-18 15:14:09,339 log Method Not Allowed: /api/monitor/
WARNING 2022-11-18 15:14:09,339 basehttp "GET /api/monitor/ HTTP/1.1" 405 5591
INFO 2022-11-18 15:15:43,956 basehttp "GET /admin HTTP/1.1" 301 0
INFO 2022-11-18 15:15:44,039 basehttp "GET /admin/ HTTP/1.1" 302 0
INFO 2022-11-18 15:15:44,119 basehttp "GET /admin/login/?next=/admin/ HTTP/1.1" 200 2218
INFO 2022-11-18 15:15:44,141 basehttp "GET /static/admin/css/base.css HTTP/1.1" 200 20344
INFO 2022-11-18 15:15:44,146 basehttp "GET /static/admin/css/dark_mode.css HTTP/1.1" 200 796
INFO 2022-11-18 15:15:44,153 basehttp "GET /static/admin/css/nav_sidebar.css HTTP/1.1" 200 2619
INFO 2022-11-18 15:15:44,154 basehttp "GET /static/admin/css/responsive.css HTTP/1.1" 200 18854
INFO 2022-11-18 15:15:44,155 basehttp "GET /static/admin/js/nav_sidebar.js HTTP/1.1" 200 3763
INFO 2022-11-18 15:15:44,156 basehttp "GET /static/admin/css/login.css HTTP/1.1" 200 958
INFO 2022-11-18 15:15:44,173 basehttp "GET /static/admin/css/fonts.css HTTP/1.1" 200 423
INFO 2022-11-18 15:15:44,274 basehttp "GET /static/admin/fonts/Roboto-Regular-webfont.woff HTTP/1.1" 200 85876
INFO 2022-11-18 15:15:44,288 basehttp "GET /static/admin/fonts/Roboto-Light-webfont.woff HTTP/1.1" 200 85692
WARNING 2022-11-18 15:15:55,978 log Not Found: /api
WARNING 2022-11-18 15:15:55,978 basehttp "GET /api HTTP/1.1" 404 2198
WARNING 2022-11-18 15:16:45,226 log Not Found: /robots.txt
WARNING 2022-11-18 15:16:45,226 basehttp "GET /robots.txt HTTP/1.1" 404 2214
WARNING 2022-11-18 15:16:47,597 log Not Found: /
WARNING 2022-11-18 15:16:47,597 basehttp "GET / HTTP/1.1" 404 2166
WARNING 2022-11-18 15:32:39,286 log Not Found: /
WARNING 2022-11-18 15:32:39,286 basehttp "GET / HTTP/1.1" 404 2166
INFO 2022-11-18 16:04:39,215 basehttp code 400, message Bad HTTP/0.9 request type ('\x16\x03\x01\x00{\x01\x00\x00w\x03\x03\x12\x14\x0f®Ö×5')
ERROR 2022-11-18 16:04:39,215 basehttp You're accessing the development server over HTTPS, but it only supports HTTP.
